# JRE version: Java(TM) SE Runtime Environment 18.9 (11.0.15+8) (build 11.0.15+8-LTS-149)
# Java VM: Java HotSpot(TM) 64-Bit Server VM 18.9 (11.0.15+8-LTS-149, mixed mode, tiered, compressed oops, g1 gc, windows-amd64)
Heap:
 garbage-first heap   total 262144K, used 70291K [0x00000000e0000000, 0x0000000100000000)
  region size 1024K, 51 young (52224K), 4 survivors (4096K)
 Metaspace       used 29537K, capacity 30388K, committed 30512K, reserved 411648K
  class space    used 3899K, capacity 4209K, committed 4224K, reserved 385024K
GC Heap History (8 events):
Event: 0.540 GC heap before
{Heap before GC invocations=0 (full 0):
 garbage-first heap   total 262144K, used 23552K [0x00000000e0000000, 0x0000000100000000)
  region size 1024K, 24 young (24576K), 0 survivors (0K)
 Metaspace       used 7174K, capacity 7276K, committed 7424K, reserved 393216K
  class space    used 623K, capacity 657K, committed 768K, reserved 385024K
}
Event: 0.542 GC heap after
{Heap after GC invocations=1 (full 0):
 garbage-first heap   total 262144K, used 5117K [0x00000000e0000000, 0x0000000100000000)
  region size 1024K, 3 young (3072K), 3 survivors (3072K)
 Metaspace       used 7174K, capacity 7276K, committed 7424K, reserved 393216K
  class space    used 623K, capacity 657K, committed 768K, reserved 385024K
}
Event: 2.348 GC heap before
{Heap before GC invocations=1 (full 0):
 garbage-first heap   total 262144K, used 164861K [0x00000000e0000000, 0x0000000100000000)
  region size 1024K, 153 young (156672K), 3 survivors (3072K)
 Metaspace       used 19231K, capacity 19671K, committed 19840K, reserved 403456K
  class space    used 2247K, capacity 2390K, committed 2432K, reserved 385024K
}
Event: 2.353 GC heap after
{Heap after GC invocations=2 (full 0):
 garbage-first heap   total 262144K, used 20838K [0x00000000e0000000, 0x0000000100000000)
  region size 1024K, 14 young (14336K), 14 survivors (14336K)
 Metaspace       used 19231K, capacity 19671K, committed 19840K, reserved 403456K
  class space    used 2247K, capacity 2390K, committed 2432K, reserved 385024K
}
Event: 2.449 GC heap before
{Heap before GC invocations=2 (full 0):
 garbage-first heap   total 262144K, used 33126K [0x00000000e0000000, 0x0000000100000000)
  region size 1024K, 27 young (27648K), 14 survivors (14336K)
 Metaspace       used 20726K, capacity 21187K, committed 21296K, reserved 405504K
  class space    used 2450K, capacity 2645K, committed 2688K, reserved 385024K
}
Event: 2.453 GC heap after
{Heap after GC invocations=3 (full 0):
 garbage-first heap   total 262144K, used 20788K [0x00000000e0000000, 0x0000000100000000)
  region size 1024K, 11 young (11264K), 11 survivors (11264K)
 Metaspace       used 20726K, capacity 21187K, committed 21296K, reserved 405504K
  class space    used 2450K, capacity 2645K, committed 2688K, reserved 385024K
}
Event: 2.971 GC heap before
{Heap before GC invocations=4 (full 0):
 garbage-first heap   total 262144K, used 119092K [0x00000000e0000000, 0x0000000100000000)
  region size 1024K, 108 young (110592K), 11 survivors (11264K)
 Metaspace       used 26609K, capacity 27354K, committed 27440K, reserved 409600K
  class space    used 3427K, capacity 3683K, committed 3712K, reserved 385024K
}
Event: 2.976 GC heap after
{Heap after GC invocations=5 (full 0):
 garbage-first heap   total 262144K, used 23187K [0x00000000e0000000, 0x0000000100000000)
  region size 1024K, 4 young (4096K), 4 survivors (4096K)
 Metaspace       used 26609K, capacity 27354K, committed 27440K, reserved 409600K
  class space    used 3427K, capacity 3683K, committed 3712K, reserved 385024K
}

