# JRE version: Java(TM) SE Runtime Environment 18.9 (11.0.15+8) (build 11.0.15+8-LTS-149)
# Java VM: Java HotSpot(TM) 64-Bit Server VM 18.9 (11.0.15+8-LTS-149, mixed mode, tiered, compressed oops, g1 gc, windows-amd64)
Heap:
 garbage-first heap   total 262144K, used 139123K [0x00000000e0000000, 0x0000000100000000)
  region size 1024K, 49 young (50176K), 11 survivors (11264K)
 Metaspace       used 90612K, capacity 94737K, committed 101560K, reserved 473088K
  class space    used 11287K, capacity 12822K, committed 13824K, reserved 385024K
GC Heap History (10 events):
Event: 4676.885 GC heap before
{Heap before GC invocations=50 (full 0):
 garbage-first heap   total 262144K, used 205911K [0x00000000e0000000, 0x0000000100000000)
  region size 1024K, 84 young (86016K), 6 survivors (6144K)
 Metaspace       used 93708K, capacity 97963K, committed 101560K, reserved 473088K
  class space    used 11655K, capacity 13234K, committed 13824K, reserved 385024K
}
Event: 4676.891 GC heap after
{Heap after GC invocations=51 (full 0):
 garbage-first heap   total 262144K, used 123600K [0x00000000e0000000, 0x0000000100000000)
  region size 1024K, 3 young (3072K), 3 survivors (3072K)
 Metaspace       used 93708K, capacity 97963K, committed 101560K, reserved 473088K
  class space    used 11655K, capacity 13234K, committed 13824K, reserved 385024K
}
Event: 4872.882 GC heap before
{Heap before GC invocations=52 (full 0):
 garbage-first heap   total 262144K, used 200400K [0x00000000e0000000, 0x0000000100000000)
  region size 1024K, 86 young (88064K), 3 survivors (3072K)
 Metaspace       used 92134K, capacity 96311K, committed 101560K, reserved 473088K
  class space    used 11470K, capacity 13027K, committed 13824K, reserved 385024K
}
Event: 4872.888 GC heap after
{Heap after GC invocations=53 (full 0):
 garbage-first heap   total 262144K, used 123654K [0x00000000e0000000, 0x0000000100000000)
  region size 1024K, 10 young (10240K), 10 survivors (10240K)
 Metaspace       used 92134K, capacity 96311K, committed 101560K, reserved 473088K
  class space    used 11470K, capacity 13027K, committed 13824K, reserved 385024K
}
Event: 4872.893 GC heap before
{Heap before GC invocations=53 (full 0):
 garbage-first heap   total 262144K, used 125702K [0x00000000e0000000, 0x0000000100000000)
  region size 1024K, 12 young (12288K), 10 survivors (10240K)
 Metaspace       used 92134K, capacity 96311K, committed 101560K, reserved 473088K
  class space    used 11470K, capacity 13027K, committed 13824K, reserved 385024K
}
Event: 4872.901 GC heap after
{Heap after GC invocations=54 (full 0):
 garbage-first heap   total 262144K, used 102436K [0x00000000e0000000, 0x0000000100000000)
  region size 1024K, 2 young (2048K), 2 survivors (2048K)
 Metaspace       used 92134K, capacity 96311K, committed 101560K, reserved 473088K
  class space    used 11470K, capacity 13027K, committed 13824K, reserved 385024K
}
Event: 4872.938 GC heap before
{Heap before GC invocations=54 (full 0):
 garbage-first heap   total 262144K, used 112676K [0x00000000e0000000, 0x0000000100000000)
  region size 1024K, 12 young (12288K), 2 survivors (2048K)
 Metaspace       used 92134K, capacity 96311K, committed 101560K, reserved 473088K
  class space    used 11470K, capacity 13027K, committed 13824K, reserved 385024K
}
Event: 4872.946 GC heap after
{Heap after GC invocations=55 (full 0):
 garbage-first heap   total 262144K, used 99039K [0x00000000e0000000, 0x0000000100000000)
  region size 1024K, 2 young (2048K), 2 survivors (2048K)
 Metaspace       used 92134K, capacity 96311K, committed 101560K, reserved 473088K
  class space    used 11470K, capacity 13027K, committed 13824K, reserved 385024K
}
Event: 4891.628 GC heap before
{Heap before GC invocations=55 (full 0):
 garbage-first heap   total 262144K, used 198367K [0x00000000e0000000, 0x0000000100000000)
  region size 1024K, 100 young (102400K), 2 survivors (2048K)
 Metaspace       used 92178K, capacity 96378K, committed 101560K, reserved 473088K
  class space    used 11471K, capacity 13027K, committed 13824K, reserved 385024K
}
Event: 4891.636 GC heap after
{Heap after GC invocations=56 (full 0):
 garbage-first heap   total 262144K, used 107379K [0x00000000e0000000, 0x0000000100000000)
  region size 1024K, 11 young (11264K), 11 survivors (11264K)
 Metaspace       used 92178K, capacity 96378K, committed 101560K, reserved 473088K
  class space    used 11471K, capacity 13027K, committed 13824K, reserved 385024K
}

